<?xml version="1.0" encoding="UTF-8"?>
<!-- Generated by org.testng.reporters.JUnitReportReporter -->
<testsuite hostname="DESKTOP-DGS3C4B" failures="0" tests="1" name="test.loginTest" time="15.503" errors="0" timestamp="2021-05-11T00:53:29 ICT" skipped="0">
  <testcase classname="test.loginTest" name="login" time="15.503"/>
  <system-out/>
</testsuite> <!-- test.loginTest -->
