<?xml version="1.0" encoding="UTF-8"?>
<!-- Generated by org.testng.reporters.JUnitReportReporter -->
<testsuite hostname="DESKTOP-DGS3C4B" failures="0" tests="1" name="test.LoginTest" time="22.021" errors="0" timestamp="2021-01-20T21:53:37 ICT" skipped="0">
  <testcase classname="test.LoginTest" name="TC001" time="22.021"/>
  <system-out/>
</testsuite> <!-- test.LoginTest -->
